Starting default (STDIO) server...
node:events:502
      throw er; // Unhandled 'error' event
      ^

Error: write EPIPE
    at afterWriteDispatched (node:internal/stream_base_commons:161:15)
    at writeGeneric (node:internal/stream_base_commons:152:3)
    at Socket._writeGeneric (node:net:958:11)
    at Socket._write (node:net:970:8)
    at writeOrBuffer (node:internal/streams/writable:572:12)
    at _write (node:internal/streams/writable:501:10)
    at Writable.write (node:internal/streams/writable:510:10)
    at file:///Users/yashodperera/.npm/_npx/5b2dd62b9d0bddd4/node_modules/@modelcontextprotocol/sdk/dist/esm/server/stdio.js:66:30
    at new Promise (<anonymous>)
    at StdioServerTransport.send (file:///Users/yashodperera/.npm/_npx/5b2dd62b9d0bddd4/node_modules/@modelcontextprotocol/sdk/dist/esm/server/stdio.js:64:16)
Emitted 'error' event on Socket instance at:
    at emitErrorNT (node:internal/streams/destroy:169:8)
    at emitErrorCloseNT (node:internal/streams/destroy:128:3)
    at process.processTicksAndRejections (node:internal/process/task_queues:82:21) {
  errno: -32,
  code: 'EPIPE',
  syscall: 'write'
}

Node.js v20.20.2
